# JRE version: OpenJDK Runtime Environment Temurin-17.0.2+8 (17.0.2+8) (build 17.0.2+8)
# Java VM: OpenJDK 64-Bit Server VM Temurin-17.0.2+8 (17.0.2+8, mixed mode, tiered, compressed oops, compressed class ptrs, parallel gc, linux-amd64)
GC Precious Log:
 CPUs: 8 total, 8 available
 Memory: 6126M
 Large Page Support: Disabled
 NUMA Support: Disabled
 Compressed Oops: Enabled (32-bit)
 Alignments: Space 512K, Generation 512K, Heap 2M
 Heap Min Capacity: 100M
 Heap Initial Capacity: 100M
 Heap Max Capacity: 1G
 Pre-touch: Disabled
 Parallel Workers: 8
Heap:
 PSYoungGen      total 3072K, used 2688K [0x00000000eab00000, 0x00000000eaf80000, 0x0000000100000000)
  eden space 2560K, 100% used [0x00000000eab00000,0x00000000ead80000,0x00000000ead80000)
  from space 512K, 25% used [0x00000000eae80000,0x00000000eaea0000,0x00000000eaf00000)
  to   space 512K, 12% used [0x00000000eaf00000,0x00000000eaf10000,0x00000000eaf80000)
 ParOldGen       total 355840K, used 311803K [0x00000000c0000000, 0x00000000d5b80000, 0x00000000eab00000)
  object space 355840K, 87% used [0x00000000c0000000,0x00000000d307ed08,0x00000000d5b80000)
 Metaspace       used 83426K, committed 84352K, reserved 1130496K
  class space    used 8661K, committed 9088K, reserved 1048576K
GC Heap History (20 events):
Event: 73301.756 GC heap after
{Heap after GC invocations=1145 (full 15):
 PSYoungGen      total 3072K, used 128K [0x00000000eab00000, 0x00000000eaf80000, 0x0000000100000000)
  eden space 2560K, 0% used [0x00000000eab00000,0x00000000eab00000,0x00000000ead80000)
  from space 512K, 25% used [0x00000000eaf00000,0x00000000eaf20000,0x00000000eaf80000)
  to   space 512K, 0% used [0x00000000eae80000,0x00000000eae80000,0x00000000eaf00000)
 ParOldGen       total 355840K, used 311803K [0x00000000c0000000, 0x00000000d5b80000, 0x00000000eab00000)
  object space 355840K, 87% used [0x00000000c0000000,0x00000000d307ed08,0x00000000d5b80000)
 Metaspace       used 83426K, committed 84352K, reserved 1130496K
  class space    used 8661K, committed 9088K, reserved 1048576K
}
Event: 74149.238 GC heap before
{Heap before GC invocations=1146 (full 15):
 PSYoungGen      total 3072K, used 2682K [0x00000000eab00000, 0x00000000eaf80000, 0x0000000100000000)
  eden space 2560K, 99% used [0x00000000eab00000,0x00000000ead7e848,0x00000000ead80000)
  from space 512K, 25% used [0x00000000eaf00000,0x00000000eaf20000,0x00000000eaf80000)
  to   space 512K, 0% used [0x00000000eae80000,0x00000000eae80000,0x00000000eaf00000)
 ParOldGen       total 355840K, used 311803K [0x00000000c0000000, 0x00000000d5b80000, 0x00000000eab00000)
  object space 355840K, 87% used [0x00000000c0000000,0x00000000d307ed08,0x00000000d5b80000)
 Metaspace       used 83426K, committed 84352K, reserved 1130496K
  class space    used 8661K, committed 9088K, reserved 1048576K
}
Event: 74149.240 GC heap after
{Heap after GC invocations=1146 (full 15):
 PSYoungGen      total 3072K, used 128K [0x00000000eab00000, 0x00000000eaf80000, 0x0000000100000000)
  eden space 2560K, 0% used [0x00000000eab00000,0x00000000eab00000,0x00000000ead80000)
  from space 512K, 25% used [0x00000000eae80000,0x00000000eaea0000,0x00000000eaf00000)
  to   space 512K, 0% used [0x00000000eaf00000,0x00000000eaf00000,0x00000000eaf80000)
 ParOldGen       total 355840K, used 311803K [0x00000000c0000000, 0x00000000d5b80000, 0x00000000eab00000)
  object space 355840K, 87% used [0x00000000c0000000,0x00000000d307ed08,0x00000000d5b80000)
 Metaspace       used 83426K, committed 84352K, reserved 1130496K
  class space    used 8661K, committed 9088K, reserved 1048576K
}
Event: 74989.801 GC heap before
{Heap before GC invocations=1147 (full 15):
 PSYoungGen      total 3072K, used 2683K [0x00000000eab00000, 0x00000000eaf80000, 0x0000000100000000)
  eden space 2560K, 99% used [0x00000000eab00000,0x00000000ead7ef40,0x00000000ead80000)
  from space 512K, 25% used [0x00000000eae80000,0x00000000eaea0000,0x00000000eaf00000)
  to   space 512K, 0% used [0x00000000eaf00000,0x00000000eaf00000,0x00000000eaf80000)
 ParOldGen       total 355840K, used 311803K [0x00000000c0000000, 0x00000000d5b80000, 0x00000000eab00000)
  object space 355840K, 87% used [0x00000000c0000000,0x00000000d307ed08,0x00000000d5b80000)
 Metaspace       used 83426K, committed 84352K, reserved 1130496K
  class space    used 8661K, committed 9088K, reserved 1048576K
}
Event: 74989.806 GC heap after
{Heap after GC invocations=1147 (full 15):
 PSYoungGen      total 3072K, used 128K [0x00000000eab00000, 0x00000000eaf80000, 0x0000000100000000)
  eden space 2560K, 0% used [0x00000000eab00000,0x00000000eab00000,0x00000000ead80000)
  from space 512K, 25% used [0x00000000eaf00000,0x00000000eaf20000,0x00000000eaf80000)
  to   space 512K, 0% used [0x00000000eae80000,0x00000000eae80000,0x00000000eaf00000)
 ParOldGen       total 355840K, used 311803K [0x00000000c0000000, 0x00000000d5b80000, 0x00000000eab00000)
  object space 355840K, 87% used [0x00000000c0000000,0x00000000d307ed08,0x00000000d5b80000)
 Metaspace       used 83426K, committed 84352K, reserved 1130496K
  class space    used 8661K, committed 9088K, reserved 1048576K
}
Event: 75830.369 GC heap before
{Heap before GC invocations=1148 (full 15):
 PSYoungGen      total 3072K, used 2686K [0x00000000eab00000, 0x00000000eaf80000, 0x0000000100000000)
  eden space 2560K, 99% used [0x00000000eab00000,0x00000000ead7fbc0,0x00000000ead80000)
  from space 512K, 25% used [0x00000000eaf00000,0x00000000eaf20000,0x00000000eaf80000)
  to   space 512K, 0% used [0x00000000eae80000,0x00000000eae80000,0x00000000eaf00000)
 ParOldGen       total 355840K, used 311803K [0x00000000c0000000, 0x00000000d5b80000, 0x00000000eab00000)
  object space 355840K, 87% used [0x00000000c0000000,0x00000000d307ed08,0x00000000d5b80000)
 Metaspace       used 83426K, committed 84352K, reserved 1130496K
  class space    used 8661K, committed 9088K, reserved 1048576K
}
Event: 75830.375 GC heap after
{Heap after GC invocations=1148 (full 15):
 PSYoungGen      total 3072K, used 160K [0x00000000eab00000, 0x00000000eaf80000, 0x0000000100000000)
  eden space 2560K, 0% used [0x00000000eab00000,0x00000000eab00000,0x00000000ead80000)
  from space 512K, 31% used [0x00000000eae80000,0x00000000eaea8000,0x00000000eaf00000)
  to   space 512K, 0% used [0x00000000eaf00000,0x00000000eaf00000,0x00000000eaf80000)
 ParOldGen       total 355840K, used 311803K [0x00000000c0000000, 0x00000000d5b80000, 0x00000000eab00000)
  object space 355840K, 87% used [0x00000000c0000000,0x00000000d307ed08,0x00000000d5b80000)
 Metaspace       used 83426K, committed 84352K, reserved 1130496K
  class space    used 8661K, committed 9088K, reserved 1048576K
}
Event: 76680.936 GC heap before
{Heap before GC invocations=1149 (full 15):
 PSYoungGen      total 3072K, used 2719K [0x00000000eab00000, 0x00000000eaf80000, 0x0000000100000000)
  eden space 2560K, 99% used [0x00000000eab00000,0x00000000ead7fc00,0x00000000ead80000)
  from space 512K, 31% used [0x00000000eae80000,0x00000000eaea8000,0x00000000eaf00000)
  to   space 512K, 0% used [0x00000000eaf00000,0x00000000eaf00000,0x00000000eaf80000)
 ParOldGen       total 355840K, used 311803K [0x00000000c0000000, 0x00000000d5b80000, 0x00000000eab00000)
  object space 355840K, 87% used [0x00000000c0000000,0x00000000d307ed08,0x00000000d5b80000)
 Metaspace       used 83426K, committed 84352K, reserved 1130496K
  class space    used 8661K, committed 9088K, reserved 1048576K
}
Event: 76680.941 GC heap after
{Heap after GC invocations=1149 (full 15):
 PSYoungGen      total 3072K, used 128K [0x00000000eab00000, 0x00000000eaf80000, 0x0000000100000000)
  eden space 2560K, 0% used [0x00000000eab00000,0x00000000eab00000,0x00000000ead80000)
  from space 512K, 25% used [0x00000000eaf00000,0x00000000eaf20000,0x00000000eaf80000)
  to   space 512K, 0% used [0x00000000eae80000,0x00000000eae80000,0x00000000eaf00000)
 ParOldGen       total 355840K, used 311803K [0x00000000c0000000, 0x00000000d5b80000, 0x00000000eab00000)
  object space 355840K, 87% used [0x00000000c0000000,0x00000000d307ed08,0x00000000d5b80000)
 Metaspace       used 83426K, committed 84352K, reserved 1130496K
  class space    used 8661K, committed 9088K, reserved 1048576K
}
Event: 77521.496 GC heap before
{Heap before GC invocations=1150 (full 15):
 PSYoungGen      total 3072K, used 2688K [0x00000000eab00000, 0x00000000eaf80000, 0x0000000100000000)
  eden space 2560K, 100% used [0x00000000eab00000,0x00000000ead80000,0x00000000ead80000)
  from space 512K, 25% used [0x00000000eaf00000,0x00000000eaf20000,0x00000000eaf80000)
  to   space 512K, 0% used [0x00000000eae80000,0x00000000eae80000,0x00000000eaf00000)
 ParOldGen       total 355840K, used 311803K [0x00000000c0000000, 0x00000000d5b80000, 0x00000000eab00000)
  object space 355840K, 87% used [0x00000000c0000000,0x00000000d307ed08,0x00000000d5b80000)
 Metaspace       used 83426K, committed 84352K, reserved 1130496K
  class space    used 8661K, committed 9088K, reserved 1048576K
}
Event: 77521.502 GC heap after
{Heap after GC invocations=1150 (full 15):
 PSYoungGen      total 3072K, used 128K [0x00000000eab00000, 0x00000000eaf80000, 0x0000000100000000)
  eden space 2560K, 0% used [0x00000000eab00000,0x00000000eab00000,0x00000000ead80000)
  from space 512K, 25% used [0x00000000eae80000,0x00000000eaea0000,0x00000000eaf00000)
  to   space 512K, 0% used [0x00000000eaf00000,0x00000000eaf00000,0x00000000eaf80000)
 ParOldGen       total 355840K, used 311803K [0x00000000c0000000, 0x00000000d5b80000, 0x00000000eab00000)
  object space 355840K, 87% used [0x00000000c0000000,0x00000000d307ed08,0x00000000d5b80000)
 Metaspace       used 83426K, committed 84352K, reserved 1130496K
  class space    used 8661K, committed 9088K, reserved 1048576K
}
Event: 78362.064 GC heap before
{Heap before GC invocations=1151 (full 15):
 PSYoungGen      total 3072K, used 2683K [0x00000000eab00000, 0x00000000eaf80000, 0x0000000100000000)
  eden space 2560K, 99% used [0x00000000eab00000,0x00000000ead7ecb8,0x00000000ead80000)
  from space 512K, 25% used [0x00000000eae80000,0x00000000eaea0000,0x00000000eaf00000)
  to   space 512K, 0% used [0x00000000eaf00000,0x00000000eaf00000,0x00000000eaf80000)
 ParOldGen       total 355840K, used 311803K [0x00000000c0000000, 0x00000000d5b80000, 0x00000000eab00000)
  object space 355840K, 87% used [0x00000000c0000000,0x00000000d307ed08,0x00000000d5b80000)
 Metaspace       used 83426K, committed 84352K, reserved 1130496K
  class space    used 8661K, committed 9088K, reserved 1048576K
}
Event: 78362.070 GC heap after
{Heap after GC invocations=1151 (full 15):
 PSYoungGen      total 3072K, used 160K [0x00000000eab00000, 0x00000000eaf80000, 0x0000000100000000)
  eden space 2560K, 0% used [0x00000000eab00000,0x00000000eab00000,0x00000000ead80000)
  from space 512K, 31% used [0x00000000eaf00000,0x00000000eaf28000,0x00000000eaf80000)
  to   space 512K, 0% used [0x00000000eae80000,0x00000000eae80000,0x00000000eaf00000)
 ParOldGen       total 355840K, used 311803K [0x00000000c0000000, 0x00000000d5b80000, 0x00000000eab00000)
  object space 355840K, 87% used [0x00000000c0000000,0x00000000d307ed08,0x00000000d5b80000)
 Metaspace       used 83426K, committed 84352K, reserved 1130496K
  class space    used 8661K, committed 9088K, reserved 1048576K
}
Event: 79202.622 GC heap before
{Heap before GC invocations=1152 (full 15):
 PSYoungGen      total 3072K, used 2714K [0x00000000eab00000, 0x00000000eaf80000, 0x0000000100000000)
  eden space 2560K, 99% used [0x00000000eab00000,0x00000000ead7ea00,0x00000000ead80000)
  from space 512K, 31% used [0x00000000eaf00000,0x00000000eaf28000,0x00000000eaf80000)
  to   space 512K, 0% used [0x00000000eae80000,0x00000000eae80000,0x00000000eaf00000)
 ParOldGen       total 355840K, used 311803K [0x00000000c0000000, 0x00000000d5b80000, 0x00000000eab00000)
  object space 355840K, 87% used [0x00000000c0000000,0x00000000d307ed08,0x00000000d5b80000)
 Metaspace       used 83426K, committed 84352K, reserved 1130496K
  class space    used 8661K, committed 9088K, reserved 1048576K
}
Event: 79202.628 GC heap after
{Heap after GC invocations=1152 (full 15):
 PSYoungGen      total 3072K, used 128K [0x00000000eab00000, 0x00000000eaf80000, 0x0000000100000000)
  eden space 2560K, 0% used [0x00000000eab00000,0x00000000eab00000,0x00000000ead80000)
  from space 512K, 25% used [0x00000000eae80000,0x00000000eaea0000,0x00000000eaf00000)
  to   space 512K, 0% used [0x00000000eaf00000,0x00000000eaf00000,0x00000000eaf80000)
 ParOldGen       total 355840K, used 311803K [0x00000000c0000000, 0x00000000d5b80000, 0x00000000eab00000)
  object space 355840K, 87% used [0x00000000c0000000,0x00000000d307ed08,0x00000000d5b80000)
 Metaspace       used 83426K, committed 84352K, reserved 1130496K
  class space    used 8661K, committed 9088K, reserved 1048576K
}
Event: 80043.188 GC heap before
{Heap before GC invocations=1153 (full 15):
 PSYoungGen      total 3072K, used 2687K [0x00000000eab00000, 0x00000000eaf80000, 0x0000000100000000)
  eden space 2560K, 99% used [0x00000000eab00000,0x00000000ead7fe40,0x00000000ead80000)
  from space 512K, 25% used [0x00000000eae80000,0x00000000eaea0000,0x00000000eaf00000)
  to   space 512K, 0% used [0x00000000eaf00000,0x00000000eaf00000,0x00000000eaf80000)
 ParOldGen       total 355840K, used 311803K [0x00000000c0000000, 0x00000000d5b80000, 0x00000000eab00000)
  object space 355840K, 87% used [0x00000000c0000000,0x00000000d307ed08,0x00000000d5b80000)
 Metaspace       used 83426K, committed 84352K, reserved 1130496K
  class space    used 8661K, committed 9088K, reserved 1048576K
}
Event: 80043.190 GC heap after
{Heap after GC invocations=1153 (full 15):
 PSYoungGen      total 3072K, used 128K [0x00000000eab00000, 0x00000000eaf80000, 0x0000000100000000)
  eden space 2560K, 0% used [0x00000000eab00000,0x00000000eab00000,0x00000000ead80000)
  from space 512K, 25% used [0x00000000eaf00000,0x00000000eaf20000,0x00000000eaf80000)
  to   space 512K, 0% used [0x00000000eae80000,0x00000000eae80000,0x00000000eaf00000)
 ParOldGen       total 355840K, used 311803K [0x00000000c0000000, 0x00000000d5b80000, 0x00000000eab00000)
  object space 355840K, 87% used [0x00000000c0000000,0x00000000d307ed08,0x00000000d5b80000)
 Metaspace       used 83426K, committed 84352K, reserved 1130496K
  class space    used 8661K, committed 9088K, reserved 1048576K
}
Event: 80893.776 GC heap before
{Heap before GC invocations=1154 (full 15):
 PSYoungGen      total 3072K, used 2686K [0x00000000eab00000, 0x00000000eaf80000, 0x0000000100000000)
  eden space 2560K, 99% used [0x00000000eab00000,0x00000000ead7fb48,0x00000000ead80000)
  from space 512K, 25% used [0x00000000eaf00000,0x00000000eaf20000,0x00000000eaf80000)
  to   space 512K, 0% used [0x00000000eae80000,0x00000000eae80000,0x00000000eaf00000)
 ParOldGen       total 355840K, used 311803K [0x00000000c0000000, 0x00000000d5b80000, 0x00000000eab00000)
  object space 355840K, 87% used [0x00000000c0000000,0x00000000d307ed08,0x00000000d5b80000)
 Metaspace       used 83426K, committed 84352K, reserved 1130496K
  class space    used 8661K, committed 9088K, reserved 1048576K
}
Event: 80893.782 GC heap after
{Heap after GC invocations=1154 (full 15):
 PSYoungGen      total 3072K, used 128K [0x00000000eab00000, 0x00000000eaf80000, 0x0000000100000000)
  eden space 2560K, 0% used [0x00000000eab00000,0x00000000eab00000,0x00000000ead80000)
  from space 512K, 25% used [0x00000000eae80000,0x00000000eaea0000,0x00000000eaf00000)
  to   space 512K, 0% used [0x00000000eaf00000,0x00000000eaf00000,0x00000000eaf80000)
 ParOldGen       total 355840K, used 311803K [0x00000000c0000000, 0x00000000d5b80000, 0x00000000eab00000)
  object space 355840K, 87% used [0x00000000c0000000,0x00000000d307ed08,0x00000000d5b80000)
 Metaspace       used 83426K, committed 84352K, reserved 1130496K
  class space    used 8661K, committed 9088K, reserved 1048576K
}
Event: 81727.751 GC heap before
{Heap before GC invocations=1155 (full 15):
 PSYoungGen      total 3072K, used 2688K [0x00000000eab00000, 0x00000000eaf80000, 0x0000000100000000)
  eden space 2560K, 100% used [0x00000000eab00000,0x00000000ead80000,0x00000000ead80000)
  from space 512K, 25% used [0x00000000eae80000,0x00000000eaea0000,0x00000000eaf00000)
  to   space 512K, 0% used [0x00000000eaf00000,0x00000000eaf00000,0x00000000eaf80000)
 ParOldGen       total 355840K, used 311803K [0x00000000c0000000, 0x00000000d5b80000, 0x00000000eab00000)
  object space 355840K, 87% used [0x00000000c0000000,0x00000000d307ed08,0x00000000d5b80000)
 Metaspace       used 83426K, committed 84352K, reserved 1130496K
  class space    used 8661K, committed 9088K, reserved 1048576K
}

